{"/Users/kyletran/Desktop/HR/rogue/client/src/index.jsx": {"path":"/Users/kyletran/Desktop/HR/rogue/client/src/index.jsx","statementMap":{"0":{"start":{"line":6,"column":18},"end":{"line":6,"column":49}},"1":{"start":{"line":7,"column":13},"end":{"line":7,"column":34}},"2":{"start":{"line":8,"column":0},"end":{"line":8,"column":21}}},"fnMap":{},"branchMap":{},"s":{"0":0,"1":0,"2":0},"f":{},"b":{}}
,"/Users/kyletran/Desktop/HR/rogue/client/src/components/App.jsx": {"path":"/Users/kyletran/Desktop/HR/rogue/client/src/components/App.jsx","statementMap":{"0":{"start":{"line":18,"column":29},"end":{"line":18,"column":44}},"1":{"start":{"line":20,"column":12},"end":{"line":36,"column":1}},"2":{"start":{"line":21,"column":22},"end":{"line":21,"column":39}},"3":{"start":{"line":23,"column":2},"end":{"line":35,"column":3}}},"fnMap":{"0":{"name":"(anonymous_0)","decl":{"start":{"line":20,"column":12},"end":{"line":20,"column":13}},"loc":{"start":{"line":20,"column":18},"end":{"line":36,"column":1}},"line":20}},"branchMap":{},"s":{"0":0,"1":0,"2":0,"3":0},"f":{"0":0},"b":{}}
,"/Users/kyletran/Desktop/HR/rogue/client/src/components/Overview/Descriptions.jsx": {"path":"/Users/kyletran/Desktop/HR/rogue/client/src/components/Overview/Descriptions.jsx","statementMap":{"0":{"start":{"line":11,"column":22},"end":{"line":11,"column":47}},"1":{"start":{"line":12,"column":37},"end":{"line":12,"column":70}},"2":{"start":{"line":13,"column":40},"end":{"line":13,"column":52}},"3":{"start":{"line":14,"column":36},"end":{"line":14,"column":69}},"4":{"start":{"line":15,"column":28},"end":{"line":15,"column":41}},"5":{"start":{"line":16,"column":38},"end":{"line":16,"column":50}},"6":{"start":{"line":18,"column":2},"end":{"line":25,"column":15}},"7":{"start":{"line":19,"column":4},"end":{"line":24,"column":6}},"8":{"start":{"line":23,"column":6},"end":{"line":23,"column":36}},"9":{"start":{"line":27,"column":20},"end":{"line":38,"column":3}},"10":{"start":{"line":28,"column":4},"end":{"line":37,"column":5}},"11":{"start":{"line":29,"column":6},"end":{"line":32,"column":7}},"12":{"start":{"line":34,"column":6},"end":{"line":36,"column":7}},"13":{"start":{"line":41,"column":2},"end":{"line":65,"column":3}},"14":{"start":{"line":42,"column":4},"end":{"line":46,"column":5}},"15":{"start":{"line":49,"column":4},"end":{"line":64,"column":5}},"16":{"start":{"line":69,"column":25},"end":{"line":71,"column":1}},"17":{"start":{"line":73,"column":19},"end":{"line":76,"column":1}},"18":{"start":{"line":78,"column":21},"end":{"line":81,"column":1}},"19":{"start":{"line":83,"column":17},"end":{"line":89,"column":1}},"20":{"start":{"line":90,"column":20},"end":{"line":92,"column":1}},"21":{"start":{"line":94,"column":19},"end":{"line":101,"column":1}},"22":{"start":{"line":103,"column":21},"end":{"line":105,"column":1}},"23":{"start":{"line":107,"column":14},"end":{"line":110,"column":1}}},"fnMap":{"0":{"name":"Descriptions","decl":{"start":{"line":9,"column":9},"end":{"line":9,"column":21}},"loc":{"start":{"line":9,"column":24},"end":{"line":66,"column":1}},"line":9},"1":{"name":"(anonymous_1)","decl":{"start":{"line":18,"column":12},"end":{"line":18,"column":13}},"loc":{"start":{"line":18,"column":18},"end":{"line":25,"column":3}},"line":18},"2":{"name":"(anonymous_2)","decl":{"start":{"line":20,"column":10},"end":{"line":20,"column":11}},"loc":{"start":{"line":20,"column":24},"end":{"line":24,"column":5}},"line":20},"3":{"name":"(anonymous_3)","decl":{"start":{"line":27,"column":20},"end":{"line":27,"column":21}},"loc":{"start":{"line":27,"column":26},"end":{"line":38,"column":3}},"line":27}},"branchMap":{"0":{"loc":{"start":{"line":28,"column":4},"end":{"line":37,"column":5}},"type":"if","locations":[{"start":{"line":28,"column":4},"end":{"line":37,"column":5}},{"start":{"line":33,"column":11},"end":{"line":37,"column":5}}],"line":28},"1":{"loc":{"start":{"line":41,"column":2},"end":{"line":65,"column":3}},"type":"if","locations":[{"start":{"line":41,"column":2},"end":{"line":65,"column":3}},{"start":{"line":47,"column":9},"end":{"line":65,"column":3}}],"line":41}},"s":{"0":0,"1":0,"2":0,"3":0,"4":0,"5":0,"6":0,"7":0,"8":0,"9":0,"10":0,"11":0,"12":0,"13":0,"14":0,"15":0,"16":0,"17":0,"18":0,"19":0,"20":0,"21":0,"22":0,"23":0},"f":{"0":0,"1":0,"2":0,"3":0},"b":{"0":[0,0],"1":[0,0]}}
,"/Users/kyletran/Desktop/HR/rogue/client/src/components/Overview/Dropdowns.jsx": {"path":"/Users/kyletran/Desktop/HR/rogue/client/src/components/Overview/Dropdowns.jsx","statementMap":{"0":{"start":{"line":7,"column":36},"end":{"line":7,"column":69}},"1":{"start":{"line":8,"column":38},"end":{"line":8,"column":50}},"2":{"start":{"line":9,"column":42},"end":{"line":9,"column":54}},"3":{"start":{"line":10,"column":40},"end":{"line":10,"column":52}},"4":{"start":{"line":12,"column":2},"end":{"line":23,"column":18}},"5":{"start":{"line":13,"column":18},"end":{"line":13,"column":20}},"6":{"start":{"line":14,"column":4},"end":{"line":20,"column":5}},"7":{"start":{"line":15,"column":6},"end":{"line":19,"column":7}},"8":{"start":{"line":16,"column":8},"end":{"line":16,"column":78}},"9":{"start":{"line":18,"column":8},"end":{"line":18,"column":77}},"10":{"start":{"line":21,"column":4},"end":{"line":21,"column":27}},"11":{"start":{"line":22,"column":4},"end":{"line":22,"column":24}},"12":{"start":{"line":25,"column":25},"end":{"line":27,"column":3}},"13":{"start":{"line":26,"column":4},"end":{"line":26,"column":36}},"14":{"start":{"line":29,"column":24},"end":{"line":31,"column":3}},"15":{"start":{"line":30,"column":4},"end":{"line":30,"column":35}},"16":{"start":{"line":33,"column":18},"end":{"line":56,"column":3}},"17":{"start":{"line":34,"column":14},"end":{"line":34,"column":38}},"18":{"start":{"line":35,"column":4},"end":{"line":37,"column":5}},"19":{"start":{"line":36,"column":6},"end":{"line":36,"column":15}},"20":{"start":{"line":38,"column":4},"end":{"line":55,"column":18}},"21":{"start":{"line":49,"column":24},"end":{"line":49,"column":26}},"22":{"start":{"line":50,"column":8},"end":{"line":52,"column":9}},"23":{"start":{"line":50,"column":21},"end":{"line":50,"column":22}},"24":{"start":{"line":51,"column":10},"end":{"line":51,"column":63}},"25":{"start":{"line":53,"column":8},"end":{"line":53,"column":23}},"26":{"start":{"line":70,"column":19},"end":{"line":90,"column":3}},"27":{"start":{"line":72,"column":15},"end":{"line":72,"column":17}},"28":{"start":{"line":73,"column":4},"end":{"line":89,"column":5}},"29":{"start":{"line":74,"column":6},"end":{"line":74,"column":46}},"30":{"start":{"line":75,"column":6},"end":{"line":77,"column":8}},"31":{"start":{"line":78,"column":6},"end":{"line":78,"column":37}},"32":{"start":{"line":80,"column":6},"end":{"line":88,"column":7}},"33":{"start":{"line":81,"column":8},"end":{"line":81,"column":46}},"34":{"start":{"line":82,"column":8},"end":{"line":84,"column":10}},"35":{"start":{"line":85,"column":8},"end":{"line":85,"column":30}},"36":{"start":{"line":87,"column":8},"end":{"line":87,"column":29}},"37":{"start":{"line":93,"column":2},"end":{"line":113,"column":3}},"38":{"start":{"line":99,"column":10},"end":{"line":105,"column":11}},"39":{"start":{"line":100,"column":12},"end":{"line":100,"column":25}},"40":{"start":{"line":102,"column":12},"end":{"line":104,"column":13}},"41":{"start":{"line":117,"column":16},"end":{"line":119,"column":1}},"42":{"start":{"line":121,"column":16},"end":{"line":128,"column":1}},"43":{"start":{"line":129,"column":19},"end":{"line":132,"column":1}},"44":{"start":{"line":134,"column":17},"end":{"line":139,"column":1}}},"fnMap":{"0":{"name":"Dropdowns","decl":{"start":{"line":6,"column":9},"end":{"line":6,"column":18}},"loc":{"start":{"line":6,"column":22},"end":{"line":114,"column":1}},"line":6},"1":{"name":"(anonymous_1)","decl":{"start":{"line":12,"column":12},"end":{"line":12,"column":13}},"loc":{"start":{"line":12,"column":18},"end":{"line":23,"column":3}},"line":12},"2":{"name":"(anonymous_2)","decl":{"start":{"line":25,"column":25},"end":{"line":25,"column":26}},"loc":{"start":{"line":25,"column":37},"end":{"line":27,"column":3}},"line":25},"3":{"name":"(anonymous_3)","decl":{"start":{"line":29,"column":24},"end":{"line":29,"column":25}},"loc":{"start":{"line":29,"column":36},"end":{"line":31,"column":3}},"line":29},"4":{"name":"(anonymous_4)","decl":{"start":{"line":33,"column":18},"end":{"line":33,"column":19}},"loc":{"start":{"line":33,"column":29},"end":{"line":56,"column":3}},"line":33},"5":{"name":"(anonymous_5)","decl":{"start":{"line":48,"column":10},"end":{"line":48,"column":11}},"loc":{"start":{"line":48,"column":16},"end":{"line":54,"column":9}},"line":48},"6":{"name":"(anonymous_6)","decl":{"start":{"line":70,"column":19},"end":{"line":70,"column":20}},"loc":{"start":{"line":70,"column":30},"end":{"line":90,"column":3}},"line":70},"7":{"name":"(anonymous_7)","decl":{"start":{"line":98,"column":37},"end":{"line":98,"column":38}},"loc":{"start":{"line":98,"column":52},"end":{"line":106,"column":11}},"line":98}},"branchMap":{"0":{"loc":{"start":{"line":15,"column":6},"end":{"line":19,"column":7}},"type":"if","locations":[{"start":{"line":15,"column":6},"end":{"line":19,"column":7}},{"start":{"line":17,"column":13},"end":{"line":19,"column":7}}],"line":15},"1":{"loc":{"start":{"line":35,"column":4},"end":{"line":37,"column":5}},"type":"if","locations":[{"start":{"line":35,"column":4},"end":{"line":37,"column":5}},{"start":{},"end":{}}],"line":35},"2":{"loc":{"start":{"line":38,"column":11},"end":{"line":55,"column":18}},"type":"cond-expr","locations":[{"start":{"line":39,"column":5},"end":{"line":41,"column":15}},{"start":{"line":42,"column":6},"end":{"line":55,"column":18}}],"line":38},"3":{"loc":{"start":{"line":42,"column":6},"end":{"line":55,"column":18}},"type":"cond-expr","locations":[{"start":{"line":43,"column":5},"end":{"line":45,"column":15}},{"start":{"line":46,"column":7},"end":{"line":55,"column":17}}],"line":42},"4":{"loc":{"start":{"line":73,"column":4},"end":{"line":89,"column":5}},"type":"if","locations":[{"start":{"line":73,"column":4},"end":{"line":89,"column":5}},{"start":{"line":79,"column":11},"end":{"line":89,"column":5}}],"line":73},"5":{"loc":{"start":{"line":80,"column":6},"end":{"line":88,"column":7}},"type":"if","locations":[{"start":{"line":80,"column":6},"end":{"line":88,"column":7}},{"start":{"line":86,"column":13},"end":{"line":88,"column":7}}],"line":80},"6":{"loc":{"start":{"line":99,"column":10},"end":{"line":105,"column":11}},"type":"if","locations":[{"start":{"line":99,"column":10},"end":{"line":105,"column":11}},{"start":{"line":101,"column":17},"end":{"line":105,"column":11}}],"line":99}},"s":{"0":0,"1":0,"2":0,"3":0,"4":0,"5":0,"6":0,"7":0,"8":0,"9":0,"10":0,"11":0,"12":0,"13":0,"14":0,"15":0,"16":0,"17":0,"18":0,"19":0,"20":0,"21":0,"22":0,"23":0,"24":0,"25":0,"26":0,"27":0,"28":0,"29":0,"30":0,"31":0,"32":0,"33":0,"34":0,"35":0,"36":0,"37":0,"38":0,"39":0,"40":0,"41":0,"42":0,"43":0,"44":0},"f":{"0":0,"1":0,"2":0,"3":0,"4":0,"5":0,"6":0,"7":0},"b":{"0":[0,0],"1":[0,0],"2":[0,0],"3":[0,0],"4":[0,0],"5":[0,0],"6":[0,0]}}
,"/Users/kyletran/Desktop/HR/rogue/client/src/components/Overview/Gallery.jsx": {"path":"/Users/kyletran/Desktop/HR/rogue/client/src/components/Overview/Gallery.jsx","statementMap":{"0":{"start":{"line":10,"column":36},"end":{"line":10,"column":69}},"1":{"start":{"line":11,"column":34},"end":{"line":11,"column":46}},"2":{"start":{"line":12,"column":22},"end":{"line":12,"column":47}},"3":{"start":{"line":14,"column":2},"end":{"line":19,"column":17}},"4":{"start":{"line":16,"column":4},"end":{"line":18,"column":5}},"5":{"start":{"line":17,"column":6},"end":{"line":17,"column":38}},"6":{"start":{"line":25,"column":2},"end":{"line":46,"column":3}},"7":{"start":{"line":27,"column":4},"end":{"line":31,"column":5}},"8":{"start":{"line":33,"column":4},"end":{"line":45,"column":5}},"9":{"start":{"line":38,"column":12},"end":{"line":40,"column":13}},"10":{"start":{"line":39,"column":14},"end":{"line":39,"column":123}},"11":{"start":{"line":39,"column":87},"end":{"line":39,"column":110}},"12":{"start":{"line":51,"column":25},"end":{"line":54,"column":1}},"13":{"start":{"line":56,"column":26},"end":{"line":61,"column":1}},"14":{"start":{"line":63,"column":20},"end":{"line":72,"column":1}},"15":{"start":{"line":74,"column":16},"end":{"line":79,"column":1}}},"fnMap":{"0":{"name":"Gallery","decl":{"start":{"line":8,"column":9},"end":{"line":8,"column":16}},"loc":{"start":{"line":8,"column":19},"end":{"line":48,"column":1}},"line":8},"1":{"name":"(anonymous_1)","decl":{"start":{"line":14,"column":12},"end":{"line":14,"column":13}},"loc":{"start":{"line":14,"column":18},"end":{"line":19,"column":3}},"line":14},"2":{"name":"(anonymous_2)","decl":{"start":{"line":37,"column":32},"end":{"line":37,"column":33}},"loc":{"start":{"line":37,"column":53},"end":{"line":41,"column":11}},"line":37},"3":{"name":"(anonymous_3)","decl":{"start":{"line":39,"column":80},"end":{"line":39,"column":81}},"loc":{"start":{"line":39,"column":86},"end":{"line":39,"column":111}},"line":39}},"branchMap":{"0":{"loc":{"start":{"line":16,"column":4},"end":{"line":18,"column":5}},"type":"if","locations":[{"start":{"line":16,"column":4},"end":{"line":18,"column":5}},{"start":{},"end":{}}],"line":16},"1":{"loc":{"start":{"line":25,"column":2},"end":{"line":46,"column":3}},"type":"if","locations":[{"start":{"line":25,"column":2},"end":{"line":46,"column":3}},{"start":{"line":32,"column":9},"end":{"line":46,"column":3}}],"line":25},"2":{"loc":{"start":{"line":25,"column":6},"end":{"line":25,"column":55}},"type":"binary-expr","locations":[{"start":{"line":25,"column":6},"end":{"line":25,"column":27}},{"start":{"line":25,"column":31},"end":{"line":25,"column":55}}],"line":25},"3":{"loc":{"start":{"line":38,"column":12},"end":{"line":40,"column":13}},"type":"if","locations":[{"start":{"line":38,"column":12},"end":{"line":40,"column":13}},{"start":{},"end":{}}],"line":38}},"s":{"0":0,"1":0,"2":0,"3":0,"4":0,"5":0,"6":0,"7":0,"8":0,"9":0,"10":0,"11":0,"12":0,"13":0,"14":0,"15":0},"f":{"0":0,"1":0,"2":0,"3":0},"b":{"0":[0,0],"1":[0,0],"2":[0,0],"3":[0,0]}}
,"/Users/kyletran/Desktop/HR/rogue/client/src/components/Overview/Overview.jsx": {"path":"/Users/kyletran/Desktop/HR/rogue/client/src/components/Overview/Overview.jsx","statementMap":{"0":{"start":{"line":8,"column":22},"end":{"line":11,"column":1}},"1":{"start":{"line":13,"column":27},"end":{"line":16,"column":1}},"2":{"start":{"line":18,"column":22},"end":{"line":21,"column":1}},"3":{"start":{"line":23,"column":37},"end":{"line":23,"column":52}},"4":{"start":{"line":24,"column":37},"end":{"line":24,"column":52}},"5":{"start":{"line":28,"column":37},"end":{"line":28,"column":49}},"6":{"start":{"line":29,"column":36},"end":{"line":29,"column":48}},"7":{"start":{"line":30,"column":22},"end":{"line":30,"column":47}},"8":{"start":{"line":32,"column":2},"end":{"line":49,"column":10}},"9":{"start":{"line":33,"column":4},"end":{"line":48,"column":6}},"10":{"start":{"line":35,"column":19},"end":{"line":35,"column":21}},"11":{"start":{"line":36,"column":17},"end":{"line":36,"column":19}},"12":{"start":{"line":37,"column":6},"end":{"line":46,"column":7}},"13":{"start":{"line":37,"column":19},"end":{"line":37,"column":20}},"14":{"start":{"line":38,"column":8},"end":{"line":40,"column":9}},"15":{"start":{"line":39,"column":10},"end":{"line":39,"column":49}},"16":{"start":{"line":41,"column":8},"end":{"line":44,"column":9}},"17":{"start":{"line":42,"column":10},"end":{"line":42,"column":28}},"18":{"start":{"line":43,"column":10},"end":{"line":43,"column":20}},"19":{"start":{"line":45,"column":8},"end":{"line":45,"column":44}},"20":{"start":{"line":47,"column":6},"end":{"line":47,"column":31}},"21":{"start":{"line":51,"column":2},"end":{"line":64,"column":3}}},"fnMap":{"0":{"name":"Overview","decl":{"start":{"line":26,"column":9},"end":{"line":26,"column":17}},"loc":{"start":{"line":26,"column":20},"end":{"line":65,"column":1}},"line":26},"1":{"name":"(anonymous_1)","decl":{"start":{"line":32,"column":12},"end":{"line":32,"column":13}},"loc":{"start":{"line":32,"column":18},"end":{"line":49,"column":3}},"line":32},"2":{"name":"(anonymous_2)","decl":{"start":{"line":34,"column":10},"end":{"line":34,"column":11}},"loc":{"start":{"line":34,"column":24},"end":{"line":48,"column":5}},"line":34}},"branchMap":{"0":{"loc":{"start":{"line":38,"column":8},"end":{"line":40,"column":9}},"type":"if","locations":[{"start":{"line":38,"column":8},"end":{"line":40,"column":9}},{"start":{},"end":{}}],"line":38},"1":{"loc":{"start":{"line":41,"column":8},"end":{"line":44,"column":9}},"type":"if","locations":[{"start":{"line":41,"column":8},"end":{"line":44,"column":9}},{"start":{},"end":{}}],"line":41},"2":{"loc":{"start":{"line":41,"column":12},"end":{"line":41,"column":34}},"type":"binary-expr","locations":[{"start":{"line":41,"column":12},"end":{"line":41,"column":19}},{"start":{"line":41,"column":23},"end":{"line":41,"column":34}}],"line":41}},"s":{"0":0,"1":0,"2":0,"3":0,"4":0,"5":0,"6":0,"7":0,"8":0,"9":0,"10":0,"11":0,"12":0,"13":0,"14":0,"15":0,"16":0,"17":0,"18":0,"19":0,"20":0,"21":0},"f":{"0":0,"1":0,"2":0},"b":{"0":[0,0],"1":[0,0],"2":[0,0]}}
,"/Users/kyletran/Desktop/HR/rogue/client/src/components/Overview/StyleSelection.jsx": {"path":"/Users/kyletran/Desktop/HR/rogue/client/src/components/Overview/StyleSelection.jsx","statementMap":{"0":{"start":{"line":7,"column":37},"end":{"line":7,"column":70}},"1":{"start":{"line":8,"column":36},"end":{"line":8,"column":69}},"2":{"start":{"line":10,"column":26},"end":{"line":15,"column":3}},"3":{"start":{"line":12,"column":4},"end":{"line":14,"column":5}},"4":{"start":{"line":13,"column":6},"end":{"line":13,"column":22}},"5":{"start":{"line":17,"column":2},"end":{"line":39,"column":3}},"6":{"start":{"line":21,"column":10},"end":{"line":35,"column":11}},"7":{"start":{"line":24,"column":14},"end":{"line":32,"column":17}},"8":{"start":{"line":27,"column":162},"end":{"line":27,"column":185}},"9":{"start":{"line":28,"column":116},"end":{"line":28,"column":139}},"10":{"start":{"line":43,"column":14},"end":{"line":45,"column":1}},"11":{"start":{"line":46,"column":25},"end":{"line":48,"column":1}},"12":{"start":{"line":50,"column":19},"end":{"line":53,"column":1}},"13":{"start":{"line":55,"column":21},"end":{"line":58,"column":1}},"14":{"start":{"line":60,"column":17},"end":{"line":66,"column":1}},"15":{"start":{"line":67,"column":20},"end":{"line":70,"column":1}},"16":{"start":{"line":72,"column":19},"end":{"line":79,"column":1}},"17":{"start":{"line":81,"column":21},"end":{"line":85,"column":1}},"18":{"start":{"line":87,"column":14},"end":{"line":90,"column":1}}},"fnMap":{"0":{"name":"StyleSelection","decl":{"start":{"line":6,"column":9},"end":{"line":6,"column":23}},"loc":{"start":{"line":6,"column":26},"end":{"line":41,"column":1}},"line":6},"1":{"name":"(anonymous_1)","decl":{"start":{"line":10,"column":26},"end":{"line":10,"column":27}},"loc":{"start":{"line":10,"column":38},"end":{"line":15,"column":3}},"line":10},"2":{"name":"(anonymous_2)","decl":{"start":{"line":20,"column":20},"end":{"line":20,"column":21}},"loc":{"start":{"line":20,"column":35},"end":{"line":36,"column":11}},"line":20},"3":{"name":"(anonymous_3)","decl":{"start":{"line":23,"column":24},"end":{"line":23,"column":25}},"loc":{"start":{"line":23,"column":39},"end":{"line":33,"column":15}},"line":23},"4":{"name":"(anonymous_4)","decl":{"start":{"line":27,"column":155},"end":{"line":27,"column":156}},"loc":{"start":{"line":27,"column":161},"end":{"line":27,"column":186}},"line":27},"5":{"name":"(anonymous_5)","decl":{"start":{"line":28,"column":109},"end":{"line":28,"column":110}},"loc":{"start":{"line":28,"column":115},"end":{"line":28,"column":140}},"line":28}},"branchMap":{"0":{"loc":{"start":{"line":12,"column":4},"end":{"line":14,"column":5}},"type":"if","locations":[{"start":{"line":12,"column":4},"end":{"line":14,"column":5}},{"start":{},"end":{}}],"line":12},"1":{"loc":{"start":{"line":27,"column":21},"end":{"line":28,"column":143}},"type":"cond-expr","locations":[{"start":{"line":27,"column":60},"end":{"line":27,"column":189}},{"start":{"line":28,"column":22},"end":{"line":28,"column":143}}],"line":27}},"s":{"0":0,"1":0,"2":0,"3":0,"4":0,"5":0,"6":0,"7":0,"8":0,"9":0,"10":0,"11":0,"12":0,"13":0,"14":0,"15":0,"16":0,"17":0,"18":0},"f":{"0":0,"1":0,"2":0,"3":0,"4":0,"5":0},"b":{"0":[0,0],"1":[0,0]}}
,"/Users/kyletran/Desktop/HR/rogue/client/src/components/Overview/Archived/ArchivedStyles.jsx": {"path":"/Users/kyletran/Desktop/HR/rogue/client/src/components/Overview/Archived/ArchivedStyles.jsx","statementMap":{"0":{"start":{"line":7,"column":36},"end":{"line":7,"column":69}},"1":{"start":{"line":8,"column":38},"end":{"line":8,"column":50}},"2":{"start":{"line":9,"column":42},"end":{"line":9,"column":54}},"3":{"start":{"line":11,"column":2},"end":{"line":23,"column":18}},"4":{"start":{"line":12,"column":18},"end":{"line":12,"column":20}},"5":{"start":{"line":13,"column":4},"end":{"line":19,"column":5}},"6":{"start":{"line":14,"column":6},"end":{"line":18,"column":7}},"7":{"start":{"line":15,"column":8},"end":{"line":15,"column":78}},"8":{"start":{"line":17,"column":8},"end":{"line":17,"column":77}},"9":{"start":{"line":20,"column":4},"end":{"line":20,"column":27}},"10":{"start":{"line":21,"column":4},"end":{"line":21,"column":18}},"11":{"start":{"line":22,"column":4},"end":{"line":22,"column":24}},"12":{"start":{"line":25,"column":25},"end":{"line":27,"column":3}},"13":{"start":{"line":26,"column":4},"end":{"line":26,"column":56}},"14":{"start":{"line":29,"column":20},"end":{"line":34,"column":3}},"15":{"start":{"line":30,"column":21},"end":{"line":30,"column":55}},"16":{"start":{"line":31,"column":4},"end":{"line":33,"column":6}},"17":{"start":{"line":32,"column":6},"end":{"line":32,"column":27}},"18":{"start":{"line":36,"column":2},"end":{"line":56,"column":3}},"19":{"start":{"line":37,"column":4},"end":{"line":39,"column":5}},"20":{"start":{"line":41,"column":4},"end":{"line":55,"column":5}},"21":{"start":{"line":46,"column":12},"end":{"line":50,"column":13}},"22":{"start":{"line":60,"column":16},"end":{"line":68,"column":1}},"23":{"start":{"line":71,"column":21},"end":{"line":75,"column":1}},"24":{"start":{"line":77,"column":14},"end":{"line":80,"column":1}},"25":{"start":{"line":82,"column":16},"end":{"line":95,"column":1}}},"fnMap":{"0":{"name":"ProductSizes","decl":{"start":{"line":6,"column":9},"end":{"line":6,"column":21}},"loc":{"start":{"line":6,"column":24},"end":{"line":57,"column":1}},"line":6},"1":{"name":"(anonymous_1)","decl":{"start":{"line":11,"column":12},"end":{"line":11,"column":13}},"loc":{"start":{"line":11,"column":18},"end":{"line":23,"column":3}},"line":11},"2":{"name":"(anonymous_2)","decl":{"start":{"line":25,"column":25},"end":{"line":25,"column":26}},"loc":{"start":{"line":25,"column":37},"end":{"line":27,"column":3}},"line":25},"3":{"name":"(anonymous_3)","decl":{"start":{"line":29,"column":20},"end":{"line":29,"column":21}},"loc":{"start":{"line":29,"column":31},"end":{"line":34,"column":3}},"line":29},"4":{"name":"(anonymous_4)","decl":{"start":{"line":31,"column":23},"end":{"line":31,"column":24}},"loc":{"start":{"line":31,"column":33},"end":{"line":33,"column":5}},"line":31},"5":{"name":"(anonymous_5)","decl":{"start":{"line":45,"column":39},"end":{"line":45,"column":40}},"loc":{"start":{"line":45,"column":54},"end":{"line":51,"column":11}},"line":45}},"branchMap":{"0":{"loc":{"start":{"line":14,"column":6},"end":{"line":18,"column":7}},"type":"if","locations":[{"start":{"line":14,"column":6},"end":{"line":18,"column":7}},{"start":{"line":16,"column":13},"end":{"line":18,"column":7}}],"line":14},"1":{"loc":{"start":{"line":36,"column":2},"end":{"line":56,"column":3}},"type":"if","locations":[{"start":{"line":36,"column":2},"end":{"line":56,"column":3}},{"start":{"line":40,"column":9},"end":{"line":56,"column":3}}],"line":36}},"s":{"0":0,"1":0,"2":0,"3":0,"4":0,"5":0,"6":0,"7":0,"8":0,"9":0,"10":0,"11":0,"12":0,"13":0,"14":0,"15":0,"16":0,"17":0,"18":0,"19":0,"20":0,"21":0,"22":0,"23":0,"24":0,"25":0},"f":{"0":0,"1":0,"2":0,"3":0,"4":0,"5":0},"b":{"0":[0,0],"1":[0,0]}}
,"/Users/kyletran/Desktop/HR/rogue/client/src/components/RelatedProducts/RelatedProducts.jsx": {"path":"/Users/kyletran/Desktop/HR/rogue/client/src/components/RelatedProducts/RelatedProducts.jsx","statementMap":{"0":{"start":{"line":9,"column":24},"end":{"line":68,"column":1}},"1":{"start":{"line":10,"column":62},"end":{"line":10,"column":74}},"2":{"start":{"line":11,"column":62},"end":{"line":11,"column":74}},"3":{"start":{"line":16,"column":24},"end":{"line":16,"column":49}},"4":{"start":{"line":17,"column":46},"end":{"line":17,"column":58}},"5":{"start":{"line":19,"column":4},"end":{"line":28,"column":10}},"6":{"start":{"line":20,"column":6},"end":{"line":27,"column":10}},"7":{"start":{"line":23,"column":10},"end":{"line":23,"column":36}},"8":{"start":{"line":26,"column":10},"end":{"line":26,"column":58}},"9":{"start":{"line":30,"column":4},"end":{"line":54,"column":11}},"10":{"start":{"line":32,"column":8},"end":{"line":53,"column":12}},"11":{"start":{"line":34,"column":40},"end":{"line":36,"column":14}},"12":{"start":{"line":35,"column":14},"end":{"line":35,"column":75}},"13":{"start":{"line":37,"column":39},"end":{"line":39,"column":14}},"14":{"start":{"line":38,"column":14},"end":{"line":38,"column":73}},"15":{"start":{"line":40,"column":12},"end":{"line":44,"column":16}},"16":{"start":{"line":43,"column":16},"end":{"line":43,"column":88}},"17":{"start":{"line":43,"column":69},"end":{"line":43,"column":85}},"18":{"start":{"line":45,"column":12},"end":{"line":49,"column":14}},"19":{"start":{"line":48,"column":16},"end":{"line":48,"column":88}},"20":{"start":{"line":48,"column":69},"end":{"line":48,"column":85}},"21":{"start":{"line":52,"column":12},"end":{"line":52,"column":60}},"22":{"start":{"line":57,"column":2},"end":{"line":67,"column":3}}},"fnMap":{"0":{"name":"(anonymous_0)","decl":{"start":{"line":9,"column":24},"end":{"line":9,"column":25}},"loc":{"start":{"line":9,"column":30},"end":{"line":68,"column":1}},"line":9},"1":{"name":"(anonymous_1)","decl":{"start":{"line":19,"column":14},"end":{"line":19,"column":15}},"loc":{"start":{"line":19,"column":20},"end":{"line":28,"column":5}},"line":19},"2":{"name":"(anonymous_2)","decl":{"start":{"line":21,"column":14},"end":{"line":21,"column":15}},"loc":{"start":{"line":21,"column":23},"end":{"line":24,"column":9}},"line":21},"3":{"name":"(anonymous_3)","decl":{"start":{"line":25,"column":15},"end":{"line":25,"column":16}},"loc":{"start":{"line":25,"column":24},"end":{"line":27,"column":9}},"line":25},"4":{"name":"(anonymous_4)","decl":{"start":{"line":30,"column":14},"end":{"line":30,"column":15}},"loc":{"start":{"line":30,"column":20},"end":{"line":54,"column":5}},"line":30},"5":{"name":"(anonymous_5)","decl":{"start":{"line":33,"column":16},"end":{"line":33,"column":17}},"loc":{"start":{"line":33,"column":25},"end":{"line":50,"column":11}},"line":33},"6":{"name":"(anonymous_6)","decl":{"start":{"line":34,"column":53},"end":{"line":34,"column":54}},"loc":{"start":{"line":34,"column":70},"end":{"line":36,"column":13}},"line":34},"7":{"name":"(anonymous_7)","decl":{"start":{"line":37,"column":52},"end":{"line":37,"column":53}},"loc":{"start":{"line":37,"column":69},"end":{"line":39,"column":13}},"line":37},"8":{"name":"(anonymous_8)","decl":{"start":{"line":41,"column":20},"end":{"line":41,"column":21}},"loc":{"start":{"line":41,"column":30},"end":{"line":44,"column":15}},"line":41},"9":{"name":"(anonymous_9)","decl":{"start":{"line":43,"column":52},"end":{"line":43,"column":53}},"loc":{"start":{"line":43,"column":69},"end":{"line":43,"column":85}},"line":43},"10":{"name":"(anonymous_10)","decl":{"start":{"line":46,"column":20},"end":{"line":46,"column":21}},"loc":{"start":{"line":46,"column":30},"end":{"line":49,"column":13}},"line":46},"11":{"name":"(anonymous_11)","decl":{"start":{"line":48,"column":52},"end":{"line":48,"column":53}},"loc":{"start":{"line":48,"column":69},"end":{"line":48,"column":85}},"line":48},"12":{"name":"(anonymous_12)","decl":{"start":{"line":51,"column":17},"end":{"line":51,"column":18}},"loc":{"start":{"line":51,"column":26},"end":{"line":53,"column":11}},"line":51}},"branchMap":{"0":{"loc":{"start":{"line":60,"column":9},"end":{"line":64,"column":37}},"type":"binary-expr","locations":[{"start":{"line":60,"column":9},"end":{"line":60,"column":41}},{"start":{"line":60,"column":45},"end":{"line":60,"column":77}},{"start":{"line":61,"column":8},"end":{"line":64,"column":37}}],"line":60}},"s":{"0":0,"1":0,"2":0,"3":0,"4":0,"5":0,"6":0,"7":0,"8":0,"9":0,"10":0,"11":0,"12":0,"13":0,"14":0,"15":0,"16":0,"17":0,"18":0,"19":0,"20":0,"21":0,"22":0},"f":{"0":0,"1":0,"2":0,"3":0,"4":0,"5":0,"6":0,"7":0,"8":0,"9":0,"10":0,"11":0,"12":0},"b":{"0":[0,0,0]}}
,"/Users/kyletran/Desktop/HR/rogue/client/src/components/RelatedProducts/dummyData.js": {"path":"/Users/kyletran/Desktop/HR/rogue/client/src/components/RelatedProducts/dummyData.js","statementMap":{"0":{"start":{"line":1,"column":0},"end":{"line":57,"column":1}}},"fnMap":{},"branchMap":{},"s":{"0":0},"f":{},"b":{}}
,"/Users/kyletran/Desktop/HR/rogue/client/src/components/RelatedProducts/Cards/CardEntry.jsx": {"path":"/Users/kyletran/Desktop/HR/rogue/client/src/components/RelatedProducts/Cards/CardEntry.jsx","statementMap":{"0":{"start":{"line":7,"column":18},"end":{"line":43,"column":1}},"1":{"start":{"line":12,"column":24},"end":{"line":12,"column":55}},"2":{"start":{"line":14,"column":26},"end":{"line":17,"column":4}},"3":{"start":{"line":19,"column":20},"end":{"line":19,"column":34}},"4":{"start":{"line":20,"column":2},"end":{"line":42,"column":3}},"5":{"start":{"line":24,"column":10},"end":{"line":27,"column":12}},"6":{"start":{"line":45,"column":17},"end":{"line":49,"column":1}},"7":{"start":{"line":50,"column":18},"end":{"line":52,"column":1}},"8":{"start":{"line":54,"column":17},"end":{"line":57,"column":1}},"9":{"start":{"line":60,"column":20},"end":{"line":62,"column":1}}},"fnMap":{"0":{"name":"(anonymous_0)","decl":{"start":{"line":7,"column":18},"end":{"line":7,"column":19}},"loc":{"start":{"line":7,"column":111},"end":{"line":43,"column":1}},"line":7},"1":{"name":"(anonymous_1)","decl":{"start":{"line":23,"column":30},"end":{"line":23,"column":31}},"loc":{"start":{"line":23,"column":36},"end":{"line":28,"column":9}},"line":23}},"branchMap":{"0":{"loc":{"start":{"line":22,"column":9},"end":{"line":22,"column":138}},"type":"cond-expr","locations":[{"start":{"line":22,"column":52},"end":{"line":22,"column":102}},{"start":{"line":22,"column":105},"end":{"line":22,"column":138}}],"line":22},"1":{"loc":{"start":{"line":22,"column":10},"end":{"line":22,"column":48}},"type":"binary-expr","locations":[{"start":{"line":22,"column":10},"end":{"line":22,"column":27}},{"start":{"line":22,"column":31},"end":{"line":22,"column":48}}],"line":22},"2":{"loc":{"start":{"line":33,"column":9},"end":{"line":34,"column":73}},"type":"binary-expr","locations":[{"start":{"line":33,"column":9},"end":{"line":33,"column":23}},{"start":{"line":33,"column":27},"end":{"line":33,"column":56}},{"start":{"line":34,"column":8},"end":{"line":34,"column":73}}],"line":33}},"s":{"0":0,"1":0,"2":0,"3":0,"4":0,"5":0,"6":0,"7":0,"8":0,"9":0},"f":{"0":0,"1":0},"b":{"0":[0,0],"1":[0,0],"2":[0,0,0]}}
,"/Users/kyletran/Desktop/HR/rogue/client/src/components/RelatedProducts/Cards/Cards.jsx": {"path":"/Users/kyletran/Desktop/HR/rogue/client/src/components/RelatedProducts/Cards/Cards.jsx","statementMap":{"0":{"start":{"line":8,"column":14},"end":{"line":66,"column":1}},"1":{"start":{"line":12,"column":32},"end":{"line":12,"column":43}},"2":{"start":{"line":13,"column":17},"end":{"line":13,"column":45}},"3":{"start":{"line":15,"column":20},"end":{"line":17,"column":3}},"4":{"start":{"line":16,"column":4},"end":{"line":16,"column":54}},"5":{"start":{"line":19,"column":20},"end":{"line":21,"column":3}},"6":{"start":{"line":20,"column":4},"end":{"line":20,"column":56}},"7":{"start":{"line":24,"column":2},"end":{"line":65,"column":3}},"8":{"start":{"line":31,"column":21},"end":{"line":31,"column":51}},"9":{"start":{"line":32,"column":32},"end":{"line":32,"column":86}},"10":{"start":{"line":32,"column":69},"end":{"line":32,"column":85}},"11":{"start":{"line":34,"column":27},"end":{"line":34,"column":49}},"12":{"start":{"line":35,"column":23},"end":{"line":35,"column":41}},"13":{"start":{"line":36,"column":27},"end":{"line":36,"column":49}},"14":{"start":{"line":37,"column":33},"end":{"line":37,"column":106}},"15":{"start":{"line":37,"column":75},"end":{"line":37,"column":105}},"16":{"start":{"line":40,"column":31},"end":{"line":40,"column":58}},"17":{"start":{"line":42,"column":28},"end":{"line":42,"column":77}},"18":{"start":{"line":44,"column":24},"end":{"line":44,"column":69}},"19":{"start":{"line":47,"column":10},"end":{"line":61,"column":13}},"20":{"start":{"line":69,"column":21},"end":{"line":75,"column":1}},"21":{"start":{"line":76,"column":23},"end":{"line":84,"column":1}},"22":{"start":{"line":86,"column":19},"end":{"line":93,"column":1}},"23":{"start":{"line":95,"column":19},"end":{"line":103,"column":1}}},"fnMap":{"0":{"name":"(anonymous_0)","decl":{"start":{"line":8,"column":14},"end":{"line":8,"column":15}},"loc":{"start":{"line":8,"column":79},"end":{"line":66,"column":1}},"line":8},"1":{"name":"(anonymous_1)","decl":{"start":{"line":15,"column":20},"end":{"line":15,"column":21}},"loc":{"start":{"line":15,"column":26},"end":{"line":17,"column":3}},"line":15},"2":{"name":"(anonymous_2)","decl":{"start":{"line":19,"column":20},"end":{"line":19,"column":21}},"loc":{"start":{"line":19,"column":26},"end":{"line":21,"column":3}},"line":19},"3":{"name":"(anonymous_3)","decl":{"start":{"line":29,"column":33},"end":{"line":29,"column":34}},"loc":{"start":{"line":29,"column":57},"end":{"line":62,"column":9}},"line":29},"4":{"name":"(anonymous_4)","decl":{"start":{"line":32,"column":59},"end":{"line":32,"column":60}},"loc":{"start":{"line":32,"column":69},"end":{"line":32,"column":85}},"line":32},"5":{"name":"(anonymous_5)","decl":{"start":{"line":37,"column":60},"end":{"line":37,"column":61}},"loc":{"start":{"line":37,"column":75},"end":{"line":37,"column":105}},"line":37}},"branchMap":{"0":{"loc":{"start":{"line":16,"column":15},"end":{"line":16,"column":53}},"type":"cond-expr","locations":[{"start":{"line":16,"column":31},"end":{"line":16,"column":40}},{"start":{"line":16,"column":43},"end":{"line":16,"column":53}}],"line":16},"1":{"loc":{"start":{"line":20,"column":15},"end":{"line":20,"column":55}},"type":"cond-expr","locations":[{"start":{"line":20,"column":40},"end":{"line":20,"column":41}},{"start":{"line":20,"column":44},"end":{"line":20,"column":55}}],"line":20},"2":{"loc":{"start":{"line":27,"column":9},"end":{"line":27,"column":65}},"type":"cond-expr","locations":[{"start":{"line":27,"column":25},"end":{"line":27,"column":58}},{"start":{"line":27,"column":61},"end":{"line":27,"column":65}}],"line":27},"3":{"loc":{"start":{"line":28,"column":10},"end":{"line":28,"column":71}},"type":"cond-expr","locations":[{"start":{"line":28,"column":35},"end":{"line":28,"column":64}},{"start":{"line":28,"column":67},"end":{"line":28,"column":71}}],"line":28},"4":{"loc":{"start":{"line":42,"column":28},"end":{"line":42,"column":77}},"type":"binary-expr","locations":[{"start":{"line":42,"column":28},"end":{"line":42,"column":45}},{"start":{"line":42,"column":49},"end":{"line":42,"column":77}}],"line":42},"5":{"loc":{"start":{"line":44,"column":24},"end":{"line":44,"column":69}},"type":"cond-expr","locations":[{"start":{"line":44,"column":45},"end":{"line":44,"column":57}},{"start":{"line":44,"column":60},"end":{"line":44,"column":69}}],"line":44},"6":{"loc":{"start":{"line":49,"column":15},"end":{"line":59,"column":36}},"type":"binary-expr","locations":[{"start":{"line":49,"column":15},"end":{"line":49,"column":29}},{"start":{"line":50,"column":16},"end":{"line":59,"column":36}}],"line":49}},"s":{"0":0,"1":0,"2":0,"3":0,"4":0,"5":0,"6":0,"7":0,"8":0,"9":0,"10":0,"11":0,"12":0,"13":0,"14":0,"15":0,"16":0,"17":0,"18":0,"19":0,"20":0,"21":0,"22":0,"23":0},"f":{"0":0,"1":0,"2":0,"3":0,"4":0,"5":0},"b":{"0":[0,0],"1":[0,0],"2":[0,0],"3":[0,0],"4":[0,0],"5":[0,0],"6":[0,0]}}
,"/Users/kyletran/Desktop/HR/rogue/client/src/components/RelatedProducts/Cards/ComparisonModal.jsx": {"path":"/Users/kyletran/Desktop/HR/rogue/client/src/components/RelatedProducts/Cards/ComparisonModal.jsx","statementMap":{"0":{"start":{"line":4,"column":19},"end":{"line":71,"column":1}},"1":{"start":{"line":8,"column":2},"end":{"line":14,"column":3}},"2":{"start":{"line":9,"column":4},"end":{"line":9,"column":24}},"3":{"start":{"line":11,"column":4},"end":{"line":11,"column":24}},"4":{"start":{"line":15,"column":21},"end":{"line":15,"column":58}},"5":{"start":{"line":18,"column":19},"end":{"line":18,"column":21}},"6":{"start":{"line":19,"column":2},"end":{"line":23,"column":4}},"7":{"start":{"line":20,"column":4},"end":{"line":22,"column":5}},"8":{"start":{"line":21,"column":6},"end":{"line":21,"column":42}},"9":{"start":{"line":26,"column":19},"end":{"line":26,"column":21}},"10":{"start":{"line":27,"column":2},"end":{"line":27,"column":52}},"11":{"start":{"line":27,"column":31},"end":{"line":27,"column":50}},"12":{"start":{"line":30,"column":19},"end":{"line":30,"column":21}},"13":{"start":{"line":31,"column":2},"end":{"line":31,"column":52}},"14":{"start":{"line":31,"column":31},"end":{"line":31,"column":50}},"15":{"start":{"line":35,"column":2},"end":{"line":70,"column":3}},"16":{"start":{"line":49,"column":10},"end":{"line":64,"column":9}},"17":{"start":{"line":53,"column":16},"end":{"line":53,"column":75}},"18":{"start":{"line":60,"column":16},"end":{"line":60,"column":75}},"19":{"start":{"line":72,"column":21},"end":{"line":83,"column":1}},"20":{"start":{"line":84,"column":17},"end":{"line":90,"column":1}},"21":{"start":{"line":92,"column":17},"end":{"line":98,"column":1}},"22":{"start":{"line":100,"column":14},"end":{"line":102,"column":3}},"23":{"start":{"line":104,"column":14},"end":{"line":106,"column":1}},"24":{"start":{"line":108,"column":14},"end":{"line":110,"column":1}}},"fnMap":{"0":{"name":"(anonymous_0)","decl":{"start":{"line":4,"column":19},"end":{"line":4,"column":20}},"loc":{"start":{"line":4,"column":49},"end":{"line":71,"column":1}},"line":4},"1":{"name":"(anonymous_1)","decl":{"start":{"line":19,"column":21},"end":{"line":19,"column":22}},"loc":{"start":{"line":19,"column":39},"end":{"line":23,"column":3}},"line":19},"2":{"name":"(anonymous_2)","decl":{"start":{"line":27,"column":21},"end":{"line":27,"column":22}},"loc":{"start":{"line":27,"column":31},"end":{"line":27,"column":50}},"line":27},"3":{"name":"(anonymous_3)","decl":{"start":{"line":31,"column":21},"end":{"line":31,"column":22}},"loc":{"start":{"line":31,"column":31},"end":{"line":31,"column":50}},"line":31},"4":{"name":"(anonymous_4)","decl":{"start":{"line":47,"column":22},"end":{"line":47,"column":23}},"loc":{"start":{"line":47,"column":39},"end":{"line":65,"column":9}},"line":47},"5":{"name":"(anonymous_5)","decl":{"start":{"line":52,"column":28},"end":{"line":52,"column":29}},"loc":{"start":{"line":53,"column":16},"end":{"line":53,"column":75}},"line":53},"6":{"name":"(anonymous_6)","decl":{"start":{"line":59,"column":28},"end":{"line":59,"column":29}},"loc":{"start":{"line":60,"column":16},"end":{"line":60,"column":75}},"line":60}},"branchMap":{"0":{"loc":{"start":{"line":8,"column":2},"end":{"line":14,"column":3}},"type":"if","locations":[{"start":{"line":8,"column":2},"end":{"line":14,"column":3}},{"start":{},"end":{}}],"line":8},"1":{"loc":{"start":{"line":20,"column":4},"end":{"line":22,"column":5}},"type":"if","locations":[{"start":{"line":20,"column":4},"end":{"line":22,"column":5}},{"start":{},"end":{}}],"line":20},"2":{"loc":{"start":{"line":53,"column":16},"end":{"line":53,"column":75}},"type":"cond-expr","locations":[{"start":{"line":53,"column":43},"end":{"line":53,"column":61}},{"start":{"line":53,"column":64},"end":{"line":53,"column":75}}],"line":53},"3":{"loc":{"start":{"line":60,"column":16},"end":{"line":60,"column":75}},"type":"cond-expr","locations":[{"start":{"line":60,"column":43},"end":{"line":60,"column":61}},{"start":{"line":60,"column":64},"end":{"line":60,"column":75}}],"line":60}},"s":{"0":0,"1":0,"2":0,"3":0,"4":0,"5":0,"6":0,"7":0,"8":0,"9":0,"10":0,"11":0,"12":0,"13":0,"14":0,"15":0,"16":0,"17":0,"18":0,"19":0,"20":0,"21":0,"22":0,"23":0,"24":0},"f":{"0":0,"1":0,"2":0,"3":0,"4":0,"5":0,"6":0},"b":{"0":[0,0],"1":[0,0],"2":[0,0],"3":[0,0]}}
,"/Users/kyletran/Desktop/HR/rogue/client/src/components/RelatedProducts/Outfits/Outfit.Carousel.jsx": {"path":"/Users/kyletran/Desktop/HR/rogue/client/src/components/RelatedProducts/Outfits/Outfit.Carousel.jsx","statementMap":{},"fnMap":{},"branchMap":{},"s":{},"f":{},"b":{}}
,"/Users/kyletran/Desktop/HR/rogue/client/src/components/RelatedProducts/Outfits/Outfits.jsx": {"path":"/Users/kyletran/Desktop/HR/rogue/client/src/components/RelatedProducts/Outfits/Outfits.jsx","statementMap":{"0":{"start":{"line":4,"column":16},"end":{"line":16,"column":1}},"1":{"start":{"line":5,"column":30},"end":{"line":5,"column":42}},"2":{"start":{"line":7,"column":21},"end":{"line":7,"column":40}},"3":{"start":{"line":10,"column":19},"end":{"line":10,"column":21}},"4":{"start":{"line":13,"column":2},"end":{"line":15,"column":3}}},"fnMap":{"0":{"name":"(anonymous_0)","decl":{"start":{"line":4,"column":16},"end":{"line":4,"column":17}},"loc":{"start":{"line":4,"column":22},"end":{"line":16,"column":1}},"line":4}},"branchMap":{},"s":{"0":0,"1":0,"2":0,"3":0,"4":0},"f":{"0":0},"b":{}}
,"/Users/kyletran/Desktop/HR/rogue/client/src/components/reviews/ComparisonBar.jsx": {"path":"/Users/kyletran/Desktop/HR/rogue/client/src/components/reviews/ComparisonBar.jsx","statementMap":{"0":{"start":{"line":6,"column":22},"end":{"line":14,"column":1}},"1":{"start":{"line":13,"column":56},"end":{"line":13,"column":69}},"2":{"start":{"line":13,"column":91},"end":{"line":13,"column":104}}},"fnMap":{"0":{"name":"(anonymous_0)","decl":{"start":{"line":13,"column":45},"end":{"line":13,"column":46}},"loc":{"start":{"line":13,"column":56},"end":{"line":13,"column":69}},"line":13},"1":{"name":"(anonymous_1)","decl":{"start":{"line":13,"column":80},"end":{"line":13,"column":81}},"loc":{"start":{"line":13,"column":91},"end":{"line":13,"column":104}},"line":13}},"branchMap":{},"s":{"0":0,"1":0,"2":0},"f":{"0":0,"1":0},"b":{}}
,"/Users/kyletran/Desktop/HR/rogue/client/src/components/reviews/PercentageBars.jsx": {"path":"/Users/kyletran/Desktop/HR/rogue/client/src/components/reviews/PercentageBars.jsx","statementMap":{"0":{"start":{"line":8,"column":21},"end":{"line":10,"column":1}},"1":{"start":{"line":13,"column":23},"end":{"line":61,"column":1}},"2":{"start":{"line":15,"column":32},"end":{"line":15,"column":44}},"3":{"start":{"line":16,"column":32},"end":{"line":16,"column":43}},"4":{"start":{"line":18,"column":2},"end":{"line":46,"column":8}},"5":{"start":{"line":19,"column":4},"end":{"line":45,"column":8}},"6":{"start":{"line":21,"column":19},"end":{"line":21,"column":20}},"7":{"start":{"line":22,"column":20},"end":{"line":22,"column":21}},"8":{"start":{"line":23,"column":20},"end":{"line":23,"column":22}},"9":{"start":{"line":24,"column":19},"end":{"line":24,"column":44}},"10":{"start":{"line":25,"column":8},"end":{"line":31,"column":10}},"11":{"start":{"line":26,"column":10},"end":{"line":26,"column":43}},"12":{"start":{"line":27,"column":10},"end":{"line":30,"column":11}},"13":{"start":{"line":28,"column":12},"end":{"line":28,"column":40}},"14":{"start":{"line":29,"column":12},"end":{"line":29,"column":22}},"15":{"start":{"line":32,"column":8},"end":{"line":39,"column":10}},"16":{"start":{"line":33,"column":23},"end":{"line":33,"column":25}},"17":{"start":{"line":34,"column":10},"end":{"line":34,"column":32}},"18":{"start":{"line":35,"column":10},"end":{"line":35,"column":28}},"19":{"start":{"line":36,"column":10},"end":{"line":38,"column":11}},"20":{"start":{"line":37,"column":12},"end":{"line":37,"column":33}},"21":{"start":{"line":40,"column":8},"end":{"line":40,"column":26}},"22":{"start":{"line":41,"column":8},"end":{"line":41,"column":20}},"23":{"start":{"line":44,"column":8},"end":{"line":44,"column":25}},"24":{"start":{"line":48,"column":2},"end":{"line":59,"column":3}},"25":{"start":{"line":51,"column":8},"end":{"line":55,"column":9}},"26":{"start":{"line":52,"column":10},"end":{"line":52,"column":70}},"27":{"start":{"line":54,"column":10},"end":{"line":54,"column":97}}},"fnMap":{"0":{"name":"(anonymous_0)","decl":{"start":{"line":13,"column":23},"end":{"line":13,"column":24}},"loc":{"start":{"line":13,"column":29},"end":{"line":61,"column":1}},"line":13},"1":{"name":"(anonymous_1)","decl":{"start":{"line":18,"column":12},"end":{"line":18,"column":13}},"loc":{"start":{"line":18,"column":18},"end":{"line":46,"column":3}},"line":18},"2":{"name":"(anonymous_2)","decl":{"start":{"line":20,"column":12},"end":{"line":20,"column":13}},"loc":{"start":{"line":20,"column":25},"end":{"line":42,"column":7}},"line":20},"3":{"name":"(anonymous_3)","decl":{"start":{"line":25,"column":34},"end":{"line":25,"column":35}},"loc":{"start":{"line":25,"column":49},"end":{"line":31,"column":9}},"line":25},"4":{"name":"(anonymous_4)","decl":{"start":{"line":32,"column":22},"end":{"line":32,"column":23}},"loc":{"start":{"line":32,"column":37},"end":{"line":39,"column":9}},"line":32},"5":{"name":"(anonymous_5)","decl":{"start":{"line":43,"column":12},"end":{"line":43,"column":13}},"loc":{"start":{"line":43,"column":22},"end":{"line":45,"column":7}},"line":43},"6":{"name":"(anonymous_6)","decl":{"start":{"line":50,"column":19},"end":{"line":50,"column":20}},"loc":{"start":{"line":50,"column":31},"end":{"line":56,"column":7}},"line":50}},"branchMap":{"0":{"loc":{"start":{"line":27,"column":10},"end":{"line":30,"column":11}},"type":"if","locations":[{"start":{"line":27,"column":10},"end":{"line":30,"column":11}},{"start":{},"end":{}}],"line":27},"1":{"loc":{"start":{"line":36,"column":10},"end":{"line":38,"column":11}},"type":"if","locations":[{"start":{"line":36,"column":10},"end":{"line":38,"column":11}},{"start":{},"end":{}}],"line":36},"2":{"loc":{"start":{"line":51,"column":8},"end":{"line":55,"column":9}},"type":"if","locations":[{"start":{"line":51,"column":8},"end":{"line":55,"column":9}},{"start":{"line":53,"column":15},"end":{"line":55,"column":9}}],"line":51}},"s":{"0":0,"1":0,"2":0,"3":0,"4":0,"5":0,"6":0,"7":0,"8":0,"9":0,"10":0,"11":0,"12":0,"13":0,"14":0,"15":0,"16":0,"17":0,"18":0,"19":0,"20":0,"21":0,"22":0,"23":0,"24":0,"25":0,"26":0,"27":0},"f":{"0":0,"1":0,"2":0,"3":0,"4":0,"5":0,"6":0},"b":{"0":[0,0],"1":[0,0],"2":[0,0]}}
,"/Users/kyletran/Desktop/HR/rogue/client/src/components/reviews/Ratings.jsx": {"path":"/Users/kyletran/Desktop/HR/rogue/client/src/components/reviews/Ratings.jsx","statementMap":{"0":{"start":{"line":8,"column":25},"end":{"line":10,"column":1}},"1":{"start":{"line":12,"column":14},"end":{"line":15,"column":1}},"2":{"start":{"line":17,"column":22},"end":{"line":21,"column":1}},"3":{"start":{"line":23,"column":21},"end":{"line":27,"column":1}},"4":{"start":{"line":29,"column":24},"end":{"line":33,"column":1}},"5":{"start":{"line":35,"column":23},"end":{"line":37,"column":1}},"6":{"start":{"line":39,"column":15},"end":{"line":41,"column":1}},"7":{"start":{"line":43,"column":13},"end":{"line":45,"column":1}},"8":{"start":{"line":49,"column":16},"end":{"line":98,"column":1}},"9":{"start":{"line":51,"column":32},"end":{"line":51,"column":44}},"10":{"start":{"line":52,"column":32},"end":{"line":52,"column":43}},"11":{"start":{"line":54,"column":2},"end":{"line":74,"column":9}},"12":{"start":{"line":55,"column":4},"end":{"line":73,"column":8}},"13":{"start":{"line":57,"column":27},"end":{"line":57,"column":51}},"14":{"start":{"line":58,"column":28},"end":{"line":58,"column":112}},"15":{"start":{"line":59,"column":8},"end":{"line":59,"column":94}},"16":{"start":{"line":60,"column":8},"end":{"line":60,"column":35}},"17":{"start":{"line":63,"column":22},"end":{"line":63,"column":23}},"18":{"start":{"line":64,"column":20},"end":{"line":64,"column":21}},"19":{"start":{"line":65,"column":21},"end":{"line":65,"column":41}},"20":{"start":{"line":66,"column":8},"end":{"line":69,"column":10}},"21":{"start":{"line":67,"column":10},"end":{"line":67,"column":62}},"22":{"start":{"line":68,"column":10},"end":{"line":68,"column":43}},"23":{"start":{"line":71,"column":8},"end":{"line":71,"column":69}},"24":{"start":{"line":72,"column":8},"end":{"line":72,"column":28}},"25":{"start":{"line":77,"column":2},"end":{"line":97,"column":3}}},"fnMap":{"0":{"name":"(anonymous_0)","decl":{"start":{"line":49,"column":16},"end":{"line":49,"column":17}},"loc":{"start":{"line":49,"column":22},"end":{"line":98,"column":1}},"line":49},"1":{"name":"(anonymous_1)","decl":{"start":{"line":54,"column":12},"end":{"line":54,"column":13}},"loc":{"start":{"line":54,"column":18},"end":{"line":74,"column":3}},"line":54},"2":{"name":"(anonymous_2)","decl":{"start":{"line":56,"column":12},"end":{"line":56,"column":13}},"loc":{"start":{"line":56,"column":25},"end":{"line":61,"column":7}},"line":56},"3":{"name":"(anonymous_3)","decl":{"start":{"line":62,"column":12},"end":{"line":62,"column":13}},"loc":{"start":{"line":62,"column":25},"end":{"line":73,"column":7}},"line":62},"4":{"name":"(anonymous_4)","decl":{"start":{"line":66,"column":21},"end":{"line":66,"column":22}},"loc":{"start":{"line":66,"column":33},"end":{"line":69,"column":9}},"line":66}},"branchMap":{},"s":{"0":0,"1":0,"2":0,"3":0,"4":0,"5":0,"6":0,"7":0,"8":0,"9":0,"10":0,"11":0,"12":0,"13":0,"14":0,"15":0,"16":0,"17":0,"18":0,"19":0,"20":0,"21":0,"22":0,"23":0,"24":0,"25":0},"f":{"0":0,"1":0,"2":0,"3":0,"4":0},"b":{}}
,"/Users/kyletran/Desktop/HR/rogue/client/src/components/reviews/Reviews.jsx": {"path":"/Users/kyletran/Desktop/HR/rogue/client/src/components/reviews/Reviews.jsx","statementMap":{"0":{"start":{"line":8,"column":13},"end":{"line":15,"column":3}},"1":{"start":{"line":17,"column":24},"end":{"line":20,"column":1}},"2":{"start":{"line":23,"column":17},"end":{"line":27,"column":1}},"3":{"start":{"line":29,"column":18},"end":{"line":33,"column":1}},"4":{"start":{"line":35,"column":14},"end":{"line":39,"column":1}},"5":{"start":{"line":41,"column":13},"end":{"line":43,"column":1}},"6":{"start":{"line":45,"column":18},"end":{"line":47,"column":1}},"7":{"start":{"line":49,"column":22},"end":{"line":51,"column":1}},"8":{"start":{"line":53,"column":17},"end":{"line":55,"column":1}},"9":{"start":{"line":57,"column":21},"end":{"line":59,"column":1}},"10":{"start":{"line":61,"column":22},"end":{"line":64,"column":1}},"11":{"start":{"line":66,"column":19},"end":{"line":68,"column":1}},"12":{"start":{"line":70,"column":15},"end":{"line":72,"column":1}},"13":{"start":{"line":74,"column":14},"end":{"line":76,"column":1}},"14":{"start":{"line":78,"column":16},"end":{"line":84,"column":1}},"15":{"start":{"line":86,"column":18},"end":{"line":90,"column":1}},"16":{"start":{"line":92,"column":18},"end":{"line":95,"column":1}},"17":{"start":{"line":99,"column":16},"end":{"line":158,"column":1}},"18":{"start":{"line":101,"column":32},"end":{"line":101,"column":44}},"19":{"start":{"line":102,"column":28},"end":{"line":102,"column":42}},"20":{"start":{"line":103,"column":42},"end":{"line":103,"column":53}},"21":{"start":{"line":106,"column":2},"end":{"line":112,"column":14}},"22":{"start":{"line":107,"column":4},"end":{"line":111,"column":8}},"23":{"start":{"line":110,"column":8},"end":{"line":110,"column":41}},"24":{"start":{"line":114,"column":21},"end":{"line":116,"column":3}},"25":{"start":{"line":115,"column":4},"end":{"line":115,"column":38}},"26":{"start":{"line":119,"column":2},"end":{"line":157,"column":3}},"27":{"start":{"line":125,"column":14},"end":{"line":150,"column":15}},"28":{"start":{"line":126,"column":16},"end":{"line":147,"column":17}},"29":{"start":{"line":149,"column":16},"end":{"line":149,"column":28}}},"fnMap":{"0":{"name":"(anonymous_0)","decl":{"start":{"line":99,"column":16},"end":{"line":99,"column":17}},"loc":{"start":{"line":99,"column":22},"end":{"line":158,"column":1}},"line":99},"1":{"name":"(anonymous_1)","decl":{"start":{"line":106,"column":12},"end":{"line":106,"column":13}},"loc":{"start":{"line":106,"column":18},"end":{"line":112,"column":3}},"line":106},"2":{"name":"(anonymous_2)","decl":{"start":{"line":108,"column":12},"end":{"line":108,"column":13}},"loc":{"start":{"line":108,"column":25},"end":{"line":111,"column":7}},"line":108},"3":{"name":"(anonymous_3)","decl":{"start":{"line":114,"column":21},"end":{"line":114,"column":22}},"loc":{"start":{"line":114,"column":28},"end":{"line":116,"column":3}},"line":114},"4":{"name":"(anonymous_4)","decl":{"start":{"line":124,"column":25},"end":{"line":124,"column":26}},"loc":{"start":{"line":124,"column":44},"end":{"line":151,"column":13}},"line":124}},"branchMap":{"0":{"loc":{"start":{"line":125,"column":14},"end":{"line":150,"column":15}},"type":"if","locations":[{"start":{"line":125,"column":14},"end":{"line":150,"column":15}},{"start":{"line":148,"column":21},"end":{"line":150,"column":15}}],"line":125},"1":{"loc":{"start":{"line":132,"column":26},"end":{"line":132,"column":77}},"type":"cond-expr","locations":[{"start":{"line":132,"column":50},"end":{"line":132,"column":60}},{"start":{"line":132,"column":63},"end":{"line":132,"column":77}}],"line":132},"2":{"loc":{"start":{"line":134,"column":21},"end":{"line":134,"column":103}},"type":"cond-expr","locations":[{"start":{"line":134,"column":40},"end":{"line":134,"column":96}},{"start":{"line":134,"column":99},"end":{"line":134,"column":103}}],"line":134},"3":{"loc":{"start":{"line":135,"column":21},"end":{"line":140,"column":26}},"type":"cond-expr","locations":[{"start":{"line":136,"column":20},"end":{"line":139,"column":36}},{"start":{"line":140,"column":22},"end":{"line":140,"column":26}}],"line":135}},"s":{"0":0,"1":0,"2":0,"3":0,"4":0,"5":0,"6":0,"7":0,"8":0,"9":0,"10":0,"11":0,"12":0,"13":0,"14":0,"15":0,"16":0,"17":0,"18":0,"19":0,"20":0,"21":0,"22":0,"23":0,"24":0,"25":0,"26":0,"27":0,"28":0,"29":0},"f":{"0":0,"1":0,"2":0,"3":0,"4":0},"b":{"0":[0,0],"1":[0,0],"2":[0,0],"3":[0,0]}}
,"/Users/kyletran/Desktop/HR/rogue/client/src/components/stars/AverageStars.jsx": {"path":"/Users/kyletran/Desktop/HR/rogue/client/src/components/stars/AverageStars.jsx","statementMap":{"0":{"start":{"line":9,"column":21},"end":{"line":30,"column":1}},"1":{"start":{"line":11,"column":21},"end":{"line":24,"column":1}},"2":{"start":{"line":12,"column":16},"end":{"line":12,"column":17}},"3":{"start":{"line":13,"column":14},"end":{"line":13,"column":15}},"4":{"start":{"line":14,"column":15},"end":{"line":14,"column":35}},"5":{"start":{"line":16,"column":2},"end":{"line":19,"column":4}},"6":{"start":{"line":17,"column":4},"end":{"line":17,"column":56}},"7":{"start":{"line":18,"column":4},"end":{"line":18,"column":37}},"8":{"start":{"line":21,"column":2},"end":{"line":21,"column":63}},"9":{"start":{"line":23,"column":2},"end":{"line":23,"column":17}},"10":{"start":{"line":27,"column":2},"end":{"line":29,"column":3}}},"fnMap":{"0":{"name":"(anonymous_0)","decl":{"start":{"line":9,"column":21},"end":{"line":9,"column":22}},"loc":{"start":{"line":9,"column":34},"end":{"line":30,"column":1}},"line":9},"1":{"name":"(anonymous_1)","decl":{"start":{"line":11,"column":21},"end":{"line":11,"column":22}},"loc":{"start":{"line":11,"column":34},"end":{"line":24,"column":1}},"line":11},"2":{"name":"(anonymous_2)","decl":{"start":{"line":16,"column":15},"end":{"line":16,"column":16}},"loc":{"start":{"line":16,"column":27},"end":{"line":19,"column":3}},"line":16}},"branchMap":{},"s":{"0":0,"1":0,"2":0,"3":0,"4":0,"5":0,"6":0,"7":0,"8":0,"9":0,"10":0},"f":{"0":0,"1":0,"2":0},"b":{}}
,"/Users/kyletran/Desktop/HR/rogue/client/src/components/stars/DynamicStars.jsx": {"path":"/Users/kyletran/Desktop/HR/rogue/client/src/components/stars/DynamicStars.jsx","statementMap":{},"fnMap":{},"branchMap":{},"s":{},"f":{},"b":{}}
,"/Users/kyletran/Desktop/HR/rogue/client/src/components/stars/StarDiv.jsx": {"path":"/Users/kyletran/Desktop/HR/rogue/client/src/components/stars/StarDiv.jsx","statementMap":{"0":{"start":{"line":6,"column":16},"end":{"line":11,"column":1}},"1":{"start":{"line":8,"column":57},"end":{"line":8,"column":79}},"2":{"start":{"line":8,"column":101},"end":{"line":8,"column":123}}},"fnMap":{"0":{"name":"(anonymous_0)","decl":{"start":{"line":8,"column":46},"end":{"line":8,"column":47}},"loc":{"start":{"line":8,"column":57},"end":{"line":8,"column":79}},"line":8},"1":{"name":"(anonymous_1)","decl":{"start":{"line":8,"column":90},"end":{"line":8,"column":91}},"loc":{"start":{"line":8,"column":101},"end":{"line":8,"column":123}},"line":8}},"branchMap":{},"s":{"0":0,"1":0,"2":0},"f":{"0":0,"1":0},"b":{}}
,"/Users/kyletran/Desktop/HR/rogue/client/src/components/stars/Stars.jsx": {"path":"/Users/kyletran/Desktop/HR/rogue/client/src/components/stars/Stars.jsx","statementMap":{"0":{"start":{"line":7,"column":14},"end":{"line":11,"column":1}},"1":{"start":{"line":8,"column":2},"end":{"line":10,"column":3}}},"fnMap":{"0":{"name":"(anonymous_0)","decl":{"start":{"line":7,"column":14},"end":{"line":7,"column":15}},"loc":{"start":{"line":7,"column":26},"end":{"line":11,"column":1}},"line":7}},"branchMap":{},"s":{"0":0,"1":0},"f":{"0":0},"b":{}}
,"/Users/kyletran/Desktop/HR/rogue/server/index.js": {"path":"/Users/kyletran/Desktop/HR/rogue/server/index.js","statementMap":{"0":{"start":{"line":1,"column":0},"end":{"line":1,"column":27}},"1":{"start":{"line":3,"column":16},"end":{"line":3,"column":34}},"2":{"start":{"line":4,"column":13},"end":{"line":4,"column":28}},"3":{"start":{"line":6,"column":12},"end":{"line":6,"column":21}},"4":{"start":{"line":7,"column":14},"end":{"line":7,"column":35}},"5":{"start":{"line":10,"column":0},"end":{"line":10,"column":24}},"6":{"start":{"line":11,"column":0},"end":{"line":13,"column":4}},"7":{"start":{"line":16,"column":13},"end":{"line":16,"column":37}},"8":{"start":{"line":18,"column":0},"end":{"line":18,"column":64}},"9":{"start":{"line":23,"column":0},"end":{"line":23,"column":40}},"10":{"start":{"line":24,"column":0},"end":{"line":24,"column":48}},"11":{"start":{"line":25,"column":0},"end":{"line":25,"column":52}},"12":{"start":{"line":26,"column":0},"end":{"line":26,"column":54}},"13":{"start":{"line":29,"column":0},"end":{"line":29,"column":38}},"14":{"start":{"line":30,"column":0},"end":{"line":30,"column":44}},"15":{"start":{"line":31,"column":0},"end":{"line":31,"column":39}},"16":{"start":{"line":32,"column":0},"end":{"line":32,"column":60}},"17":{"start":{"line":33,"column":0},"end":{"line":33,"column":58}},"18":{"start":{"line":37,"column":0},"end":{"line":37,"column":32}},"19":{"start":{"line":38,"column":0},"end":{"line":38,"column":36}},"20":{"start":{"line":41,"column":0},"end":{"line":41,"column":50}},"21":{"start":{"line":43,"column":0},"end":{"line":45,"column":3}},"22":{"start":{"line":44,"column":2},"end":{"line":44,"column":51}},"23":{"start":{"line":47,"column":0},"end":{"line":47,"column":25}}},"fnMap":{"0":{"name":"(anonymous_0)","decl":{"start":{"line":43,"column":17},"end":{"line":43,"column":18}},"loc":{"start":{"line":43,"column":23},"end":{"line":45,"column":1}},"line":43}},"branchMap":{"0":{"loc":{"start":{"line":16,"column":13},"end":{"line":16,"column":37}},"type":"binary-expr","locations":[{"start":{"line":16,"column":13},"end":{"line":16,"column":17}},{"start":{"line":16,"column":21},"end":{"line":16,"column":37}}],"line":16}},"s":{"0":0,"1":0,"2":0,"3":0,"4":0,"5":0,"6":0,"7":0,"8":0,"9":0,"10":0,"11":0,"12":0,"13":0,"14":0,"15":0,"16":0,"17":0,"18":0,"19":0,"20":0,"21":0,"22":0,"23":0},"f":{"0":0},"b":{"0":[0,0]}}
,"/Users/kyletran/Desktop/HR/rogue/server/models.js": {"path":"/Users/kyletran/Desktop/HR/rogue/server/models.js","statementMap":{"0":{"start":{"line":1,"column":0},"end":{"line":1,"column":27}},"1":{"start":{"line":2,"column":14},"end":{"line":2,"column":30}},"2":{"start":{"line":3,"column":13},"end":{"line":3,"column":28}},"3":{"start":{"line":5,"column":14},"end":{"line":11,"column":1}},"4":{"start":{"line":13,"column":0},"end":{"line":19,"column":2}},"5":{"start":{"line":14,"column":2},"end":{"line":18,"column":7}},"6":{"start":{"line":17,"column":6},"end":{"line":17,"column":44}},"7":{"start":{"line":21,"column":0},"end":{"line":31,"column":2}},"8":{"start":{"line":22,"column":2},"end":{"line":30,"column":7}},"9":{"start":{"line":26,"column":6},"end":{"line":26,"column":22}},"10":{"start":{"line":29,"column":6},"end":{"line":29,"column":47}},"11":{"start":{"line":33,"column":0},"end":{"line":42,"column":2}},"12":{"start":{"line":34,"column":2},"end":{"line":41,"column":7}},"13":{"start":{"line":37,"column":6},"end":{"line":37,"column":22}},"14":{"start":{"line":40,"column":6},"end":{"line":40,"column":49}},"15":{"start":{"line":44,"column":0},"end":{"line":53,"column":2}},"16":{"start":{"line":45,"column":2},"end":{"line":52,"column":7}},"17":{"start":{"line":48,"column":6},"end":{"line":48,"column":22}},"18":{"start":{"line":51,"column":6},"end":{"line":51,"column":51}},"19":{"start":{"line":55,"column":0},"end":{"line":63,"column":2}},"20":{"start":{"line":57,"column":4},"end":{"line":62,"column":7}},"21":{"start":{"line":61,"column":6},"end":{"line":61,"column":54}},"22":{"start":{"line":65,"column":0},"end":{"line":71,"column":2}},"23":{"start":{"line":66,"column":2},"end":{"line":70,"column":7}},"24":{"start":{"line":69,"column":6},"end":{"line":69,"column":55}},"25":{"start":{"line":73,"column":0},"end":{"line":79,"column":2}},"26":{"start":{"line":74,"column":2},"end":{"line":78,"column":7}},"27":{"start":{"line":77,"column":6},"end":{"line":77,"column":57}},"28":{"start":{"line":81,"column":0},"end":{"line":87,"column":2}},"29":{"start":{"line":82,"column":2},"end":{"line":86,"column":7}},"30":{"start":{"line":85,"column":6},"end":{"line":85,"column":57}},"31":{"start":{"line":89,"column":0},"end":{"line":95,"column":2}},"32":{"start":{"line":90,"column":2},"end":{"line":94,"column":7}},"33":{"start":{"line":93,"column":6},"end":{"line":93,"column":57}},"34":{"start":{"line":97,"column":0},"end":{"line":103,"column":2}},"35":{"start":{"line":98,"column":2},"end":{"line":102,"column":7}},"36":{"start":{"line":101,"column":6},"end":{"line":101,"column":56}},"37":{"start":{"line":105,"column":0},"end":{"line":111,"column":2}},"38":{"start":{"line":106,"column":2},"end":{"line":110,"column":7}},"39":{"start":{"line":109,"column":6},"end":{"line":109,"column":56}},"40":{"start":{"line":113,"column":0},"end":{"line":119,"column":2}},"41":{"start":{"line":114,"column":2},"end":{"line":118,"column":7}},"42":{"start":{"line":117,"column":6},"end":{"line":117,"column":63}}},"fnMap":{"0":{"name":"(anonymous_0)","decl":{"start":{"line":13,"column":22},"end":{"line":13,"column":23}},"loc":{"start":{"line":13,"column":30},"end":{"line":19,"column":1}},"line":13},"1":{"name":"(anonymous_1)","decl":{"start":{"line":16,"column":11},"end":{"line":16,"column":12}},"loc":{"start":{"line":16,"column":20},"end":{"line":18,"column":5}},"line":16},"2":{"name":"(anonymous_2)","decl":{"start":{"line":21,"column":25},"end":{"line":21,"column":26}},"loc":{"start":{"line":21,"column":37},"end":{"line":31,"column":1}},"line":21},"3":{"name":"(anonymous_3)","decl":{"start":{"line":23,"column":10},"end":{"line":23,"column":11}},"loc":{"start":{"line":23,"column":22},"end":{"line":27,"column":5}},"line":23},"4":{"name":"(anonymous_4)","decl":{"start":{"line":28,"column":11},"end":{"line":28,"column":12}},"loc":{"start":{"line":28,"column":20},"end":{"line":30,"column":5}},"line":28},"5":{"name":"(anonymous_5)","decl":{"start":{"line":33,"column":27},"end":{"line":33,"column":28}},"loc":{"start":{"line":33,"column":39},"end":{"line":42,"column":1}},"line":33},"6":{"name":"(anonymous_6)","decl":{"start":{"line":35,"column":10},"end":{"line":35,"column":11}},"loc":{"start":{"line":35,"column":22},"end":{"line":38,"column":5}},"line":35},"7":{"name":"(anonymous_7)","decl":{"start":{"line":39,"column":11},"end":{"line":39,"column":12}},"loc":{"start":{"line":39,"column":20},"end":{"line":41,"column":5}},"line":39},"8":{"name":"(anonymous_8)","decl":{"start":{"line":44,"column":28},"end":{"line":44,"column":29}},"loc":{"start":{"line":44,"column":40},"end":{"line":53,"column":1}},"line":44},"9":{"name":"(anonymous_9)","decl":{"start":{"line":46,"column":10},"end":{"line":46,"column":11}},"loc":{"start":{"line":46,"column":20},"end":{"line":49,"column":5}},"line":46},"10":{"name":"(anonymous_10)","decl":{"start":{"line":50,"column":11},"end":{"line":50,"column":12}},"loc":{"start":{"line":50,"column":20},"end":{"line":52,"column":5}},"line":50},"11":{"name":"(anonymous_11)","decl":{"start":{"line":55,"column":21},"end":{"line":55,"column":22}},"loc":{"start":{"line":55,"column":40},"end":{"line":63,"column":1}},"line":55},"12":{"name":"(anonymous_12)","decl":{"start":{"line":60,"column":11},"end":{"line":60,"column":12}},"loc":{"start":{"line":60,"column":22},"end":{"line":62,"column":5}},"line":60},"13":{"name":"(anonymous_13)","decl":{"start":{"line":65,"column":22},"end":{"line":65,"column":23}},"loc":{"start":{"line":65,"column":34},"end":{"line":71,"column":1}},"line":65},"14":{"name":"(anonymous_14)","decl":{"start":{"line":68,"column":11},"end":{"line":68,"column":12}},"loc":{"start":{"line":68,"column":22},"end":{"line":70,"column":5}},"line":68},"15":{"name":"(anonymous_15)","decl":{"start":{"line":73,"column":21},"end":{"line":73,"column":22}},"loc":{"start":{"line":73,"column":35},"end":{"line":79,"column":1}},"line":73},"16":{"name":"(anonymous_16)","decl":{"start":{"line":76,"column":11},"end":{"line":76,"column":12}},"loc":{"start":{"line":76,"column":22},"end":{"line":78,"column":5}},"line":76},"17":{"name":"(anonymous_17)","decl":{"start":{"line":81,"column":24},"end":{"line":81,"column":25}},"loc":{"start":{"line":81,"column":42},"end":{"line":87,"column":1}},"line":81},"18":{"name":"(anonymous_18)","decl":{"start":{"line":84,"column":11},"end":{"line":84,"column":12}},"loc":{"start":{"line":84,"column":22},"end":{"line":86,"column":5}},"line":84},"19":{"name":"(anonymous_19)","decl":{"start":{"line":89,"column":23},"end":{"line":89,"column":24}},"loc":{"start":{"line":89,"column":41},"end":{"line":95,"column":1}},"line":89},"20":{"name":"(anonymous_20)","decl":{"start":{"line":92,"column":11},"end":{"line":92,"column":12}},"loc":{"start":{"line":92,"column":22},"end":{"line":94,"column":5}},"line":92},"21":{"name":"(anonymous_21)","decl":{"start":{"line":97,"column":18},"end":{"line":97,"column":19}},"loc":{"start":{"line":97,"column":26},"end":{"line":103,"column":1}},"line":97},"22":{"name":"(anonymous_22)","decl":{"start":{"line":100,"column":11},"end":{"line":100,"column":12}},"loc":{"start":{"line":100,"column":20},"end":{"line":102,"column":5}},"line":100},"23":{"name":"(anonymous_23)","decl":{"start":{"line":105,"column":21},"end":{"line":105,"column":22}},"loc":{"start":{"line":105,"column":35},"end":{"line":111,"column":1}},"line":105},"24":{"name":"(anonymous_24)","decl":{"start":{"line":108,"column":11},"end":{"line":108,"column":12}},"loc":{"start":{"line":108,"column":20},"end":{"line":110,"column":5}},"line":108},"25":{"name":"(anonymous_25)","decl":{"start":{"line":113,"column":28},"end":{"line":113,"column":29}},"loc":{"start":{"line":113,"column":42},"end":{"line":119,"column":1}},"line":113},"26":{"name":"(anonymous_26)","decl":{"start":{"line":116,"column":11},"end":{"line":116,"column":12}},"loc":{"start":{"line":116,"column":20},"end":{"line":118,"column":5}},"line":116}},"branchMap":{},"s":{"0":0,"1":0,"2":0,"3":0,"4":0,"5":0,"6":0,"7":0,"8":0,"9":0,"10":0,"11":0,"12":0,"13":0,"14":0,"15":0,"16":0,"17":0,"18":0,"19":0,"20":0,"21":0,"22":0,"23":0,"24":0,"25":0,"26":0,"27":0,"28":0,"29":0,"30":0,"31":0,"32":0,"33":0,"34":0,"35":0,"36":0,"37":0,"38":0,"39":0,"40":0,"41":0,"42":0},"f":{"0":0,"1":0,"2":0,"3":0,"4":0,"5":0,"6":0,"7":0,"8":0,"9":0,"10":0,"11":0,"12":0,"13":0,"14":0,"15":0,"16":0,"17":0,"18":0,"19":0,"20":0,"21":0,"22":0,"23":0,"24":0,"25":0,"26":0},"b":{}}
,"/Users/kyletran/Desktop/HR/rogue/server/route.js": {"path":"/Users/kyletran/Desktop/HR/rogue/server/route.js","statementMap":{"0":{"start":{"line":1,"column":15},"end":{"line":1,"column":37}},"1":{"start":{"line":4,"column":0},"end":{"line":9,"column":2}},"2":{"start":{"line":5,"column":2},"end":{"line":5,"column":32}},"3":{"start":{"line":6,"column":2},"end":{"line":8,"column":5}},"4":{"start":{"line":7,"column":4},"end":{"line":7,"column":26}},"5":{"start":{"line":11,"column":0},"end":{"line":17,"column":2}},"6":{"start":{"line":12,"column":11},"end":{"line":12,"column":31}},"7":{"start":{"line":14,"column":2},"end":{"line":16,"column":5}},"8":{"start":{"line":15,"column":4},"end":{"line":15,"column":21}},"9":{"start":{"line":20,"column":0},"end":{"line":25,"column":2}},"10":{"start":{"line":21,"column":11},"end":{"line":21,"column":31}},"11":{"start":{"line":22,"column":2},"end":{"line":24,"column":5}},"12":{"start":{"line":23,"column":4},"end":{"line":23,"column":21}},"13":{"start":{"line":27,"column":0},"end":{"line":32,"column":2}},"14":{"start":{"line":28,"column":11},"end":{"line":28,"column":31}},"15":{"start":{"line":29,"column":2},"end":{"line":31,"column":5}},"16":{"start":{"line":30,"column":4},"end":{"line":30,"column":21}},"17":{"start":{"line":36,"column":0},"end":{"line":42,"column":2}},"18":{"start":{"line":37,"column":11},"end":{"line":37,"column":23}},"19":{"start":{"line":38,"column":14},"end":{"line":38,"column":29}},"20":{"start":{"line":39,"column":2},"end":{"line":41,"column":5}},"21":{"start":{"line":40,"column":4},"end":{"line":40,"column":26}},"22":{"start":{"line":44,"column":0},"end":{"line":49,"column":2}},"23":{"start":{"line":45,"column":11},"end":{"line":45,"column":23}},"24":{"start":{"line":46,"column":2},"end":{"line":48,"column":5}},"25":{"start":{"line":47,"column":4},"end":{"line":47,"column":26}},"26":{"start":{"line":51,"column":0},"end":{"line":66,"column":2}},"27":{"start":{"line":52,"column":13},"end":{"line":62,"column":3}},"28":{"start":{"line":63,"column":2},"end":{"line":65,"column":5}},"29":{"start":{"line":64,"column":4},"end":{"line":64,"column":36}},"30":{"start":{"line":68,"column":0},"end":{"line":73,"column":2}},"31":{"start":{"line":69,"column":11},"end":{"line":69,"column":31}},"32":{"start":{"line":70,"column":2},"end":{"line":72,"column":5}},"33":{"start":{"line":71,"column":4},"end":{"line":71,"column":37}},"34":{"start":{"line":75,"column":0},"end":{"line":80,"column":2}},"35":{"start":{"line":76,"column":11},"end":{"line":76,"column":31}},"36":{"start":{"line":77,"column":2},"end":{"line":79,"column":5}},"37":{"start":{"line":78,"column":4},"end":{"line":78,"column":38}},"38":{"start":{"line":84,"column":0},"end":{"line":89,"column":2}},"39":{"start":{"line":86,"column":2},"end":{"line":88,"column":5}},"40":{"start":{"line":87,"column":4},"end":{"line":87,"column":21}},"41":{"start":{"line":91,"column":0},"end":{"line":101,"column":2}},"42":{"start":{"line":92,"column":2},"end":{"line":92,"column":44}},"43":{"start":{"line":93,"column":14},"end":{"line":93,"column":41}},"44":{"start":{"line":94,"column":2},"end":{"line":100,"column":5}},"45":{"start":{"line":95,"column":4},"end":{"line":99,"column":5}},"46":{"start":{"line":96,"column":6},"end":{"line":96,"column":32}},"47":{"start":{"line":98,"column":6},"end":{"line":98,"column":59}},"48":{"start":{"line":104,"column":0},"end":{"line":118,"column":2}},"49":{"start":{"line":105,"column":2},"end":{"line":105,"column":50}},"50":{"start":{"line":106,"column":14},"end":{"line":110,"column":3}},"51":{"start":{"line":111,"column":2},"end":{"line":117,"column":5}},"52":{"start":{"line":112,"column":4},"end":{"line":116,"column":5}},"53":{"start":{"line":113,"column":6},"end":{"line":113,"column":32}},"54":{"start":{"line":115,"column":6},"end":{"line":115,"column":66}}},"fnMap":{"0":{"name":"(anonymous_0)","decl":{"start":{"line":4,"column":22},"end":{"line":4,"column":23}},"loc":{"start":{"line":4,"column":36},"end":{"line":9,"column":1}},"line":4},"1":{"name":"(anonymous_1)","decl":{"start":{"line":6,"column":21},"end":{"line":6,"column":22}},"loc":{"start":{"line":6,"column":33},"end":{"line":8,"column":3}},"line":6},"2":{"name":"(anonymous_2)","decl":{"start":{"line":11,"column":25},"end":{"line":11,"column":26}},"loc":{"start":{"line":11,"column":39},"end":{"line":17,"column":1}},"line":11},"3":{"name":"(anonymous_3)","decl":{"start":{"line":14,"column":28},"end":{"line":14,"column":29}},"loc":{"start":{"line":14,"column":40},"end":{"line":16,"column":3}},"line":14},"4":{"name":"(anonymous_4)","decl":{"start":{"line":20,"column":27},"end":{"line":20,"column":28}},"loc":{"start":{"line":20,"column":41},"end":{"line":25,"column":1}},"line":20},"5":{"name":"(anonymous_5)","decl":{"start":{"line":22,"column":30},"end":{"line":22,"column":31}},"loc":{"start":{"line":22,"column":42},"end":{"line":24,"column":3}},"line":22},"6":{"name":"(anonymous_6)","decl":{"start":{"line":27,"column":28},"end":{"line":27,"column":29}},"loc":{"start":{"line":27,"column":42},"end":{"line":32,"column":1}},"line":27},"7":{"name":"(anonymous_7)","decl":{"start":{"line":29,"column":31},"end":{"line":29,"column":32}},"loc":{"start":{"line":29,"column":43},"end":{"line":31,"column":3}},"line":29},"8":{"name":"(anonymous_8)","decl":{"start":{"line":36,"column":21},"end":{"line":36,"column":22}},"loc":{"start":{"line":36,"column":35},"end":{"line":42,"column":1}},"line":36},"9":{"name":"(anonymous_9)","decl":{"start":{"line":39,"column":31},"end":{"line":39,"column":32}},"loc":{"start":{"line":39,"column":43},"end":{"line":41,"column":3}},"line":39},"10":{"name":"(anonymous_10)","decl":{"start":{"line":44,"column":22},"end":{"line":44,"column":23}},"loc":{"start":{"line":44,"column":36},"end":{"line":49,"column":1}},"line":44},"11":{"name":"(anonymous_11)","decl":{"start":{"line":46,"column":25},"end":{"line":46,"column":26}},"loc":{"start":{"line":46,"column":37},"end":{"line":48,"column":3}},"line":46},"12":{"name":"(anonymous_12)","decl":{"start":{"line":51,"column":21},"end":{"line":51,"column":22}},"loc":{"start":{"line":51,"column":35},"end":{"line":66,"column":1}},"line":51},"13":{"name":"(anonymous_13)","decl":{"start":{"line":63,"column":26},"end":{"line":63,"column":27}},"loc":{"start":{"line":63,"column":38},"end":{"line":65,"column":3}},"line":63},"14":{"name":"(anonymous_14)","decl":{"start":{"line":68,"column":24},"end":{"line":68,"column":25}},"loc":{"start":{"line":68,"column":38},"end":{"line":73,"column":1}},"line":68},"15":{"name":"(anonymous_15)","decl":{"start":{"line":70,"column":33},"end":{"line":70,"column":34}},"loc":{"start":{"line":70,"column":45},"end":{"line":72,"column":3}},"line":70},"16":{"name":"(anonymous_16)","decl":{"start":{"line":75,"column":23},"end":{"line":75,"column":24}},"loc":{"start":{"line":75,"column":37},"end":{"line":80,"column":1}},"line":75},"17":{"name":"(anonymous_17)","decl":{"start":{"line":77,"column":28},"end":{"line":77,"column":29}},"loc":{"start":{"line":77,"column":40},"end":{"line":79,"column":3}},"line":77},"18":{"name":"(anonymous_18)","decl":{"start":{"line":84,"column":18},"end":{"line":84,"column":19}},"loc":{"start":{"line":84,"column":32},"end":{"line":89,"column":1}},"line":84},"19":{"name":"(anonymous_19)","decl":{"start":{"line":86,"column":17},"end":{"line":86,"column":18}},"loc":{"start":{"line":86,"column":29},"end":{"line":88,"column":3}},"line":86},"20":{"name":"(anonymous_20)","decl":{"start":{"line":91,"column":21},"end":{"line":91,"column":22}},"loc":{"start":{"line":91,"column":35},"end":{"line":101,"column":1}},"line":91},"21":{"name":"(anonymous_21)","decl":{"start":{"line":94,"column":27},"end":{"line":94,"column":28}},"loc":{"start":{"line":94,"column":42},"end":{"line":100,"column":3}},"line":94},"22":{"name":"(anonymous_22)","decl":{"start":{"line":104,"column":28},"end":{"line":104,"column":29}},"loc":{"start":{"line":104,"column":42},"end":{"line":118,"column":1}},"line":104},"23":{"name":"(anonymous_23)","decl":{"start":{"line":111,"column":34},"end":{"line":111,"column":35}},"loc":{"start":{"line":111,"column":49},"end":{"line":117,"column":3}},"line":111}},"branchMap":{"0":{"loc":{"start":{"line":95,"column":4},"end":{"line":99,"column":5}},"type":"if","locations":[{"start":{"line":95,"column":4},"end":{"line":99,"column":5}},{"start":{"line":97,"column":11},"end":{"line":99,"column":5}}],"line":95},"1":{"loc":{"start":{"line":112,"column":4},"end":{"line":116,"column":5}},"type":"if","locations":[{"start":{"line":112,"column":4},"end":{"line":116,"column":5}},{"start":{"line":114,"column":11},"end":{"line":116,"column":5}}],"line":112}},"s":{"0":0,"1":0,"2":0,"3":0,"4":0,"5":0,"6":0,"7":0,"8":0,"9":0,"10":0,"11":0,"12":0,"13":0,"14":0,"15":0,"16":0,"17":0,"18":0,"19":0,"20":0,"21":0,"22":0,"23":0,"24":0,"25":0,"26":0,"27":0,"28":0,"29":0,"30":0,"31":0,"32":0,"33":0,"34":0,"35":0,"36":0,"37":0,"38":0,"39":0,"40":0,"41":0,"42":0,"43":0,"44":0,"45":0,"46":0,"47":0,"48":0,"49":0,"50":0,"51":0,"52":0,"53":0,"54":0},"f":{"0":0,"1":0,"2":0,"3":0,"4":0,"5":0,"6":0,"7":0,"8":0,"9":0,"10":0,"11":0,"12":0,"13":0,"14":0,"15":0,"16":0,"17":0,"18":0,"19":0,"20":0,"21":0,"22":0,"23":0},"b":{"0":[0,0],"1":[0,0]}}
}
